{"numFailedTestSuites":1,"numFailedTests":4,"numPassedTestSuites":0,"numPassedTests":0,"numPendingTestSuites":0,"numPendingTests":0,"numRuntimeErrorTestSuites":0,"numTodoTests":0,"numTotalTestSuites":1,"numTotalTests":4,"openHandles":[],"snapshot":{"added":0,"didUpdate":false,"failure":false,"filesAdded":0,"filesRemoved":0,"filesRemovedList":[],"filesUnmatched":0,"filesUpdated":0,"matched":0,"total":0,"unchecked":0,"uncheckedKeysByFile":[],"unmatched":0,"updated":0},"startTime":1766850025858,"success":false,"testResults":[{"assertionResults":[{"ancestorTitles":["Financial Utils","calculateProjectedReturns"],"duration":17,"failureDetails":[{}],"failureMessages":["Error: Function not implemented.\n    at expect (C:\\Users\\Ngan\\.gemini\\antigravity\\playground\\ionic-sun\\personal-finance-dashboard\\src\\__tests__\\finance-utils.test.ts:52:11)\n    at Object.<anonymous> (C:\\Users\\Ngan\\.gemini\\antigravity\\playground\\ionic-sun\\personal-finance-dashboard\\src\\__tests__\\finance-utils.test.ts:15:13)\n    at Promise.then.completed (C:\\Users\\Ngan\\.gemini\\antigravity\\playground\\ionic-sun\\personal-finance-dashboard\\node_modules\\jest-circus\\build\\utils.js:298:28)\n    at new Promise (<anonymous>)\n    at callAsyncCircusFn (C:\\Users\\Ngan\\.gemini\\antigravity\\playground\\ionic-sun\\personal-finance-dashboard\\node_modules\\jest-circus\\build\\utils.js:231:10)\n    at _callCircusTest (C:\\Users\\Ngan\\.gemini\\antigravity\\playground\\ionic-sun\\personal-finance-dashboard\\node_modules\\jest-circus\\build\\run.js:316:40)\n    at async _runTest (C:\\Users\\Ngan\\.gemini\\antigravity\\playground\\ionic-sun\\personal-finance-dashboard\\node_modules\\jest-circus\\build\\run.js:252:3)\n    at async _runTestsForDescribeBlock (C:\\Users\\Ngan\\.gemini\\antigravity\\playground\\ionic-sun\\personal-finance-dashboard\\node_modules\\jest-circus\\build\\run.js:126:9)\n    at async _runTestsForDescribeBlock (C:\\Users\\Ngan\\.gemini\\antigravity\\playground\\ionic-sun\\personal-finance-dashboard\\node_modules\\jest-circus\\build\\run.js:121:9)\n    at async _runTestsForDescribeBlock (C:\\Users\\Ngan\\.gemini\\antigravity\\playground\\ionic-sun\\personal-finance-dashboard\\node_modules\\jest-circus\\build\\run.js:121:9)\n    at async run (C:\\Users\\Ngan\\.gemini\\antigravity\\playground\\ionic-sun\\personal-finance-dashboard\\node_modules\\jest-circus\\build\\run.js:71:3)\n    at async runAndTransformResultsToJestFormat (C:\\Users\\Ngan\\.gemini\\antigravity\\playground\\ionic-sun\\personal-finance-dashboard\\node_modules\\jest-circus\\build\\legacy-code-todo-rewrite\\jestAdapterInit.js:122:21)\n    at async jestAdapter (C:\\Users\\Ngan\\.gemini\\antigravity\\playground\\ionic-sun\\personal-finance-dashboard\\node_modules\\jest-circus\\build\\legacy-code-todo-rewrite\\jestAdapter.js:79:19)\n    at async runTestInternal (C:\\Users\\Ngan\\.gemini\\antigravity\\playground\\ionic-sun\\personal-finance-dashboard\\node_modules\\jest-runner\\build\\runTest.js:367:16)\n    at async runTest (C:\\Users\\Ngan\\.gemini\\antigravity\\playground\\ionic-sun\\personal-finance-dashboard\\node_modules\\jest-runner\\build\\runTest.js:444:34)"],"fullName":"Financial Utils calculateProjectedReturns calculates compound interest correctly for lump sum","invocations":1,"location":null,"numPassingAsserts":0,"retryReasons":[],"status":"failed","title":"calculates compound interest correctly for lump sum"},{"ancestorTitles":["Financial Utils","calculateProjectedReturns"],"duration":2,"failureDetails":[{}],"failureMessages":["Error: Function not implemented.\n    at expect (C:\\Users\\Ngan\\.gemini\\antigravity\\playground\\ionic-sun\\personal-finance-dashboard\\src\\__tests__\\finance-utils.test.ts:52:11)\n    at Object.<anonymous> (C:\\Users\\Ngan\\.gemini\\antigravity\\playground\\ionic-sun\\personal-finance-dashboard\\src\\__tests__\\finance-utils.test.ts:27:13)\n    at Promise.then.completed (C:\\Users\\Ngan\\.gemini\\antigravity\\playground\\ionic-sun\\personal-finance-dashboard\\node_modules\\jest-circus\\build\\utils.js:298:28)\n    at new Promise (<anonymous>)\n    at callAsyncCircusFn (C:\\Users\\Ngan\\.gemini\\antigravity\\playground\\ionic-sun\\personal-finance-dashboard\\node_modules\\jest-circus\\build\\utils.js:231:10)\n    at _callCircusTest (C:\\Users\\Ngan\\.gemini\\antigravity\\playground\\ionic-sun\\personal-finance-dashboard\\node_modules\\jest-circus\\build\\run.js:316:40)\n    at async _runTest (C:\\Users\\Ngan\\.gemini\\antigravity\\playground\\ionic-sun\\personal-finance-dashboard\\node_modules\\jest-circus\\build\\run.js:252:3)\n    at async _runTestsForDescribeBlock (C:\\Users\\Ngan\\.gemini\\antigravity\\playground\\ionic-sun\\personal-finance-dashboard\\node_modules\\jest-circus\\build\\run.js:126:9)\n    at async _runTestsForDescribeBlock (C:\\Users\\Ngan\\.gemini\\antigravity\\playground\\ionic-sun\\personal-finance-dashboard\\node_modules\\jest-circus\\build\\run.js:121:9)\n    at async _runTestsForDescribeBlock (C:\\Users\\Ngan\\.gemini\\antigravity\\playground\\ionic-sun\\personal-finance-dashboard\\node_modules\\jest-circus\\build\\run.js:121:9)\n    at async run (C:\\Users\\Ngan\\.gemini\\antigravity\\playground\\ionic-sun\\personal-finance-dashboard\\node_modules\\jest-circus\\build\\run.js:71:3)\n    at async runAndTransformResultsToJestFormat (C:\\Users\\Ngan\\.gemini\\antigravity\\playground\\ionic-sun\\personal-finance-dashboard\\node_modules\\jest-circus\\build\\legacy-code-todo-rewrite\\jestAdapterInit.js:122:21)\n    at async jestAdapter (C:\\Users\\Ngan\\.gemini\\antigravity\\playground\\ionic-sun\\personal-finance-dashboard\\node_modules\\jest-circus\\build\\legacy-code-todo-rewrite\\jestAdapter.js:79:19)\n    at async runTestInternal (C:\\Users\\Ngan\\.gemini\\antigravity\\playground\\ionic-sun\\personal-finance-dashboard\\node_modules\\jest-runner\\build\\runTest.js:367:16)\n    at async runTest (C:\\Users\\Ngan\\.gemini\\antigravity\\playground\\ionic-sun\\personal-finance-dashboard\\node_modules\\jest-runner\\build\\runTest.js:444:34)"],"fullName":"Financial Utils calculateProjectedReturns calculates returns with monthly contributions","invocations":1,"location":null,"numPassingAsserts":0,"retryReasons":[],"status":"failed","title":"calculates returns with monthly contributions"},{"ancestorTitles":["Financial Utils","calculateProjectedReturns"],"duration":6,"failureDetails":[{}],"failureMessages":["Error: Function not implemented.\n    at expect (C:\\Users\\Ngan\\.gemini\\antigravity\\playground\\ionic-sun\\personal-finance-dashboard\\src\\__tests__\\finance-utils.test.ts:52:11)\n    at Object.<anonymous> (C:\\Users\\Ngan\\.gemini\\antigravity\\playground\\ionic-sun\\personal-finance-dashboard\\src\\__tests__\\finance-utils.test.ts:39:13)\n    at Promise.then.completed (C:\\Users\\Ngan\\.gemini\\antigravity\\playground\\ionic-sun\\personal-finance-dashboard\\node_modules\\jest-circus\\build\\utils.js:298:28)\n    at new Promise (<anonymous>)\n    at callAsyncCircusFn (C:\\Users\\Ngan\\.gemini\\antigravity\\playground\\ionic-sun\\personal-finance-dashboard\\node_modules\\jest-circus\\build\\utils.js:231:10)\n    at _callCircusTest (C:\\Users\\Ngan\\.gemini\\antigravity\\playground\\ionic-sun\\personal-finance-dashboard\\node_modules\\jest-circus\\build\\run.js:316:40)\n    at async _runTest (C:\\Users\\Ngan\\.gemini\\antigravity\\playground\\ionic-sun\\personal-finance-dashboard\\node_modules\\jest-circus\\build\\run.js:252:3)\n    at async _runTestsForDescribeBlock (C:\\Users\\Ngan\\.gemini\\antigravity\\playground\\ionic-sun\\personal-finance-dashboard\\node_modules\\jest-circus\\build\\run.js:126:9)\n    at async _runTestsForDescribeBlock (C:\\Users\\Ngan\\.gemini\\antigravity\\playground\\ionic-sun\\personal-finance-dashboard\\node_modules\\jest-circus\\build\\run.js:121:9)\n    at async _runTestsForDescribeBlock (C:\\Users\\Ngan\\.gemini\\antigravity\\playground\\ionic-sun\\personal-finance-dashboard\\node_modules\\jest-circus\\build\\run.js:121:9)\n    at async run (C:\\Users\\Ngan\\.gemini\\antigravity\\playground\\ionic-sun\\personal-finance-dashboard\\node_modules\\jest-circus\\build\\run.js:71:3)\n    at async runAndTransformResultsToJestFormat (C:\\Users\\Ngan\\.gemini\\antigravity\\playground\\ionic-sun\\personal-finance-dashboard\\node_modules\\jest-circus\\build\\legacy-code-todo-rewrite\\jestAdapterInit.js:122:21)\n    at async jestAdapter (C:\\Users\\Ngan\\.gemini\\antigravity\\playground\\ionic-sun\\personal-finance-dashboard\\node_modules\\jest-circus\\build\\legacy-code-todo-rewrite\\jestAdapter.js:79:19)\n    at async runTestInternal (C:\\Users\\Ngan\\.gemini\\antigravity\\playground\\ionic-sun\\personal-finance-dashboard\\node_modules\\jest-runner\\build\\runTest.js:367:16)\n    at async runTest (C:\\Users\\Ngan\\.gemini\\antigravity\\playground\\ionic-sun\\personal-finance-dashboard\\node_modules\\jest-runner\\build\\runTest.js:444:34)"],"fullName":"Financial Utils calculateProjectedReturns handles zero interest rate","invocations":1,"location":null,"numPassingAsserts":0,"retryReasons":[],"status":"failed","title":"handles zero interest rate"},{"ancestorTitles":["Financial Utils","calculateVolatilityRange"],"duration":2,"failureDetails":[{}],"failureMessages":["Error: Function not implemented.\n    at expect (C:\\Users\\Ngan\\.gemini\\antigravity\\playground\\ionic-sun\\personal-finance-dashboard\\src\\__tests__\\finance-utils.test.ts:52:11)\n    at Object.<anonymous> (C:\\Users\\Ngan\\.gemini\\antigravity\\playground\\ionic-sun\\personal-finance-dashboard\\src\\__tests__\\finance-utils.test.ts:46:13)\n    at Promise.then.completed (C:\\Users\\Ngan\\.gemini\\antigravity\\playground\\ionic-sun\\personal-finance-dashboard\\node_modules\\jest-circus\\build\\utils.js:298:28)\n    at new Promise (<anonymous>)\n    at callAsyncCircusFn (C:\\Users\\Ngan\\.gemini\\antigravity\\playground\\ionic-sun\\personal-finance-dashboard\\node_modules\\jest-circus\\build\\utils.js:231:10)\n    at _callCircusTest (C:\\Users\\Ngan\\.gemini\\antigravity\\playground\\ionic-sun\\personal-finance-dashboard\\node_modules\\jest-circus\\build\\run.js:316:40)\n    at async _runTest (C:\\Users\\Ngan\\.gemini\\antigravity\\playground\\ionic-sun\\personal-finance-dashboard\\node_modules\\jest-circus\\build\\run.js:252:3)\n    at async _runTestsForDescribeBlock (C:\\Users\\Ngan\\.gemini\\antigravity\\playground\\ionic-sun\\personal-finance-dashboard\\node_modules\\jest-circus\\build\\run.js:126:9)\n    at async _runTestsForDescribeBlock (C:\\Users\\Ngan\\.gemini\\antigravity\\playground\\ionic-sun\\personal-finance-dashboard\\node_modules\\jest-circus\\build\\run.js:121:9)\n    at async _runTestsForDescribeBlock (C:\\Users\\Ngan\\.gemini\\antigravity\\playground\\ionic-sun\\personal-finance-dashboard\\node_modules\\jest-circus\\build\\run.js:121:9)\n    at async run (C:\\Users\\Ngan\\.gemini\\antigravity\\playground\\ionic-sun\\personal-finance-dashboard\\node_modules\\jest-circus\\build\\run.js:71:3)\n    at async runAndTransformResultsToJestFormat (C:\\Users\\Ngan\\.gemini\\antigravity\\playground\\ionic-sun\\personal-finance-dashboard\\node_modules\\jest-circus\\build\\legacy-code-todo-rewrite\\jestAdapterInit.js:122:21)\n    at async jestAdapter (C:\\Users\\Ngan\\.gemini\\antigravity\\playground\\ionic-sun\\personal-finance-dashboard\\node_modules\\jest-circus\\build\\legacy-code-todo-rewrite\\jestAdapter.js:79:19)\n    at async runTestInternal (C:\\Users\\Ngan\\.gemini\\antigravity\\playground\\ionic-sun\\personal-finance-dashboard\\node_modules\\jest-runner\\build\\runTest.js:367:16)\n    at async runTest (C:\\Users\\Ngan\\.gemini\\antigravity\\playground\\ionic-sun\\personal-finance-dashboard\\node_modules\\jest-runner\\build\\runTest.js:444:34)"],"fullName":"Financial Utils calculateVolatilityRange calculates range based on factor","invocations":1,"location":null,"numPassingAsserts":0,"retryReasons":[],"status":"failed","title":"calculates range based on factor"}],"endTime":1766850032534,"message":"\u001b[1m\u001b[31m  \u001b[1m● \u001b[22m\u001b[1mFinancial Utils › calculateProjectedReturns › calculates compound interest correctly for lump sum\u001b[39m\u001b[22m\n\n    Function not implemented.\n\u001b[2m\u001b[22m\n\u001b[2m    \u001b[0m \u001b[90m 50 |\u001b[39m })\u001b[33m;\u001b[39m\u001b[22m\n\u001b[2m     \u001b[90m 51 |\u001b[39m \u001b[36mfunction\u001b[39m expect(result\u001b[33m:\u001b[39m number) {\u001b[22m\n\u001b[2m    \u001b[31m\u001b[1m>\u001b[22m\u001b[2m\u001b[39m\u001b[90m 52 |\u001b[39m     \u001b[36mthrow\u001b[39m \u001b[36mnew\u001b[39m \u001b[33mError\u001b[39m(\u001b[32m'Function not implemented.'\u001b[39m)\u001b[33m;\u001b[39m\u001b[22m\n\u001b[2m     \u001b[90m    |\u001b[39m           \u001b[31m\u001b[1m^\u001b[22m\u001b[2m\u001b[39m\u001b[22m\n\u001b[2m     \u001b[90m 53 |\u001b[39m }\u001b[22m\n\u001b[2m     \u001b[90m 54 |\u001b[39m\u001b[22m\n\u001b[2m     \u001b[90m 55 |\u001b[39m\u001b[0m\u001b[22m\n\u001b[2m\u001b[22m\n\u001b[2m      \u001b[2mat expect (\u001b[22m\u001b[2m\u001b[0m\u001b[36msrc/__tests__/finance-utils.test.ts\u001b[39m\u001b[0m\u001b[2m:52:11)\u001b[22m\u001b[2m\u001b[22m\n\u001b[2m      \u001b[2mat Object.<anonymous> (\u001b[22m\u001b[2m\u001b[0m\u001b[36msrc/__tests__/finance-utils.test.ts\u001b[39m\u001b[0m\u001b[2m:15:13)\u001b[22m\u001b[2m\u001b[22m\n\n\u001b[1m\u001b[31m  \u001b[1m● \u001b[22m\u001b[1mFinancial Utils › calculateProjectedReturns › calculates returns with monthly contributions\u001b[39m\u001b[22m\n\n    Function not implemented.\n\u001b[2m\u001b[22m\n\u001b[2m    \u001b[0m \u001b[90m 50 |\u001b[39m })\u001b[33m;\u001b[39m\u001b[22m\n\u001b[2m     \u001b[90m 51 |\u001b[39m \u001b[36mfunction\u001b[39m expect(result\u001b[33m:\u001b[39m number) {\u001b[22m\n\u001b[2m    \u001b[31m\u001b[1m>\u001b[22m\u001b[2m\u001b[39m\u001b[90m 52 |\u001b[39m     \u001b[36mthrow\u001b[39m \u001b[36mnew\u001b[39m \u001b[33mError\u001b[39m(\u001b[32m'Function not implemented.'\u001b[39m)\u001b[33m;\u001b[39m\u001b[22m\n\u001b[2m     \u001b[90m    |\u001b[39m           \u001b[31m\u001b[1m^\u001b[22m\u001b[2m\u001b[39m\u001b[22m\n\u001b[2m     \u001b[90m 53 |\u001b[39m }\u001b[22m\n\u001b[2m     \u001b[90m 54 |\u001b[39m\u001b[22m\n\u001b[2m     \u001b[90m 55 |\u001b[39m\u001b[0m\u001b[22m\n\u001b[2m\u001b[22m\n\u001b[2m      \u001b[2mat expect (\u001b[22m\u001b[2m\u001b[0m\u001b[36msrc/__tests__/finance-utils.test.ts\u001b[39m\u001b[0m\u001b[2m:52:11)\u001b[22m\u001b[2m\u001b[22m\n\u001b[2m      \u001b[2mat Object.<anonymous> (\u001b[22m\u001b[2m\u001b[0m\u001b[36msrc/__tests__/finance-utils.test.ts\u001b[39m\u001b[0m\u001b[2m:27:13)\u001b[22m\u001b[2m\u001b[22m\n\n\u001b[1m\u001b[31m  \u001b[1m● \u001b[22m\u001b[1mFinancial Utils › calculateProjectedReturns › handles zero interest rate\u001b[39m\u001b[22m\n\n    Function not implemented.\n\u001b[2m\u001b[22m\n\u001b[2m    \u001b[0m \u001b[90m 50 |\u001b[39m })\u001b[33m;\u001b[39m\u001b[22m\n\u001b[2m     \u001b[90m 51 |\u001b[39m \u001b[36mfunction\u001b[39m expect(result\u001b[33m:\u001b[39m number) {\u001b[22m\n\u001b[2m    \u001b[31m\u001b[1m>\u001b[22m\u001b[2m\u001b[39m\u001b[90m 52 |\u001b[39m     \u001b[36mthrow\u001b[39m \u001b[36mnew\u001b[39m \u001b[33mError\u001b[39m(\u001b[32m'Function not implemented.'\u001b[39m)\u001b[33m;\u001b[39m\u001b[22m\n\u001b[2m     \u001b[90m    |\u001b[39m           \u001b[31m\u001b[1m^\u001b[22m\u001b[2m\u001b[39m\u001b[22m\n\u001b[2m     \u001b[90m 53 |\u001b[39m }\u001b[22m\n\u001b[2m     \u001b[90m 54 |\u001b[39m\u001b[22m\n\u001b[2m     \u001b[90m 55 |\u001b[39m\u001b[0m\u001b[22m\n\u001b[2m\u001b[22m\n\u001b[2m      \u001b[2mat expect (\u001b[22m\u001b[2m\u001b[0m\u001b[36msrc/__tests__/finance-utils.test.ts\u001b[39m\u001b[0m\u001b[2m:52:11)\u001b[22m\u001b[2m\u001b[22m\n\u001b[2m      \u001b[2mat Object.<anonymous> (\u001b[22m\u001b[2m\u001b[0m\u001b[36msrc/__tests__/finance-utils.test.ts\u001b[39m\u001b[0m\u001b[2m:39:13)\u001b[22m\u001b[2m\u001b[22m\n\n\u001b[1m\u001b[31m  \u001b[1m● \u001b[22m\u001b[1mFinancial Utils › calculateVolatilityRange › calculates range based on factor\u001b[39m\u001b[22m\n\n    Function not implemented.\n\u001b[2m\u001b[22m\n\u001b[2m    \u001b[0m \u001b[90m 50 |\u001b[39m })\u001b[33m;\u001b[39m\u001b[22m\n\u001b[2m     \u001b[90m 51 |\u001b[39m \u001b[36mfunction\u001b[39m expect(result\u001b[33m:\u001b[39m number) {\u001b[22m\n\u001b[2m    \u001b[31m\u001b[1m>\u001b[22m\u001b[2m\u001b[39m\u001b[90m 52 |\u001b[39m     \u001b[36mthrow\u001b[39m \u001b[36mnew\u001b[39m \u001b[33mError\u001b[39m(\u001b[32m'Function not implemented.'\u001b[39m)\u001b[33m;\u001b[39m\u001b[22m\n\u001b[2m     \u001b[90m    |\u001b[39m           \u001b[31m\u001b[1m^\u001b[22m\u001b[2m\u001b[39m\u001b[22m\n\u001b[2m     \u001b[90m 53 |\u001b[39m }\u001b[22m\n\u001b[2m     \u001b[90m 54 |\u001b[39m\u001b[22m\n\u001b[2m     \u001b[90m 55 |\u001b[39m\u001b[0m\u001b[22m\n\u001b[2m\u001b[22m\n\u001b[2m      \u001b[2mat expect (\u001b[22m\u001b[2m\u001b[0m\u001b[36msrc/__tests__/finance-utils.test.ts\u001b[39m\u001b[0m\u001b[2m:52:11)\u001b[22m\u001b[2m\u001b[22m\n\u001b[2m      \u001b[2mat Object.<anonymous> (\u001b[22m\u001b[2m\u001b[0m\u001b[36msrc/__tests__/finance-utils.test.ts\u001b[39m\u001b[0m\u001b[2m:46:13)\u001b[22m\u001b[2m\u001b[22m\n","name":"C:\\Users\\Ngan\\.gemini\\antigravity\\playground\\ionic-sun\\personal-finance-dashboard\\src\\__tests__\\finance-utils.test.ts","startTime":1766850029603,"status":"failed","summary":""}],"wasInterrupted":false}
